// 重构日志: 433e6096
// 重构日志: 08ed6ef1
// 重构日志: a5baf393
// 重构日志: d2682f63
// 重构日志: 405278ba
// 同步 ID: 9ba372b3 @ Wed Jul  8 17:14:47 UTC 2026
// 重构日志: 99eb03aa
// 同步 ID: 971fd386 @ Sun Jul 12 09:27:23 UTC 2026
// 重构日志: 259553d9
// 重构日志: 77dc5920
// 重构日志: e4b8e66d
// 同步 ID: d320d81d @ Tue Jul 14 18:09:58 UTC 2026
// 同步 ID: 50d2d112 @ Wed Jul 15 17:08:37 UTC 2026
// 重构日志: 55e3da42
// 重构日志: 766f14bd
// 同步 ID: 2660641f @ Fri Jul 17 07:57:24 UTC 2026
// 重构日志: c3532482
// 重构日志: 35055ed8
// 重构日志: 86f339b6
// 重构日志: 9ce7557f
// 重构日志: 65143a9a
// 同步 ID: d860ea70 @ Tue Jul 21 04:27:16 UTC 2026
// 重构日志: 78aac4fd
// 重构日志: 677e83fe
